To honour the JVM settings for this build a single-use Daemon process will be forked. For more on this, please refer to https://docs.gradle.org/9.2.1/userguide/gradle_daemon.html#sec:disabling_the_daemon in the Gradle documentation.
Daemon will be stopped at the end of the build 
> Task :clean
> Task :itdg-domain:clean
> Task :compileJava NO-SOURCE
> Task :itdg-domain:compileJava NO-SOURCE
> Task :processResources NO-SOURCE
> Task :itdg-domain:processResources NO-SOURCE
> Task :classes UP-TO-DATE
> Task :itdg-domain:classes UP-TO-DATE
> Task :compileTestJava NO-SOURCE
> Task :itdg-domain:compileTestJava NO-SOURCE
> Task :processTestResources NO-SOURCE
> Task :testClasses UP-TO-DATE
> Task :itdg-domain:processTestResources NO-SOURCE
> Task :itdg-domain:testClasses UP-TO-DATE
> Task :test NO-SOURCE
> Task :itdg-domain:test NO-SOURCE
> Task :itdg-common:clean
> Task :itdg-generator:clean
> Task :itdg-analyzer:clean
> Task :itdg-orchestrator:clean
> Task :itdg-analyzer:processResources
> Task :itdg-generator:processResources
> Task :itdg-orchestrator:processResources
> Task :itdg-analyzer:processTestResources NO-SOURCE
> Task :itdg-orchestrator:processTestResources NO-SOURCE
> Task :itdg-generator:processTestResources NO-SOURCE
> Task :itdg-common:compileJava FROM-CACHE
> Task :itdg-common:processResources NO-SOURCE
> Task :itdg-common:classes UP-TO-DATE
> Task :itdg-generator:compileJava FROM-CACHE
> Task :itdg-generator:classes
> Task :itdg-generator:compileTestJava NO-SOURCE
> Task :itdg-generator:testClasses UP-TO-DATE
> Task :itdg-analyzer:compileJava FROM-CACHE
> Task :itdg-analyzer:classes
> Task :itdg-orchestrator:compileJava FROM-CACHE
> Task :itdg-orchestrator:classes
> Task :itdg-common:jar
> Task :itdg-generator:test NO-SOURCE
> Task :itdg-analyzer:compileTestJava FROM-CACHE
> Task :itdg-analyzer:testClasses UP-TO-DATE
> Task :itdg-orchestrator:compileTestJava FROM-CACHE
> Task :itdg-orchestrator:testClasses UP-TO-DATE
> Task :itdg-common:compileTestJava FROM-CACHE
> Task :itdg-common:processTestResources NO-SOURCE
> Task :itdg-common:testClasses UP-TO-DATE
Could not write standard input to Gradle Test Executor 1.
java.io.IOException: 파이프가 닫히는 중입니다
	at java.base/java.io.FileOutputStream.writeBytes(Native Method)
	at java.base/java.io.FileOutputStream.write(FileOutputStream.java:367)
	at java.base/java.io.BufferedOutputStream.flushBuffer(BufferedOutputStream.java:125)
	at java.base/java.io.BufferedOutputStream.implFlush(BufferedOutputStream.java:252)
	at java.base/java.io.BufferedOutputStream.flush(BufferedOutputStream.java:240)
	at org.gradle.process.internal.streams.ExecOutputHandleRunner.writeBuffer(ExecOutputHandleRunner.java:98)
	at org.gradle.process.internal.streams.ExecOutputHandleRunner.forwardContent(ExecOutputHandleRunner.java:85)
	at org.gradle.process.internal.streams.ExecOutputHandleRunner.run(ExecOutputHandleRunner.java:64)
	at org.gradle.internal.concurrent.ExecutorPolicy$CatchAndRecordFailures.onExecute(ExecutorPolicy.java:64)
	at org.gradle.internal.concurrent.AbstractManagedExecutor$1.run(AbstractManagedExecutor.java:47)
	at java.base/java.util.concurrent.ThreadPoolExecutor.runWorker(ThreadPoolExecutor.java:1144)
	at java.base/java.util.concurrent.ThreadPoolExecutor$Worker.run(ThreadPoolExecutor.java:642)
	at java.base/java.lang.Thread.run(Thread.java:1583)
Could not write standard input to Gradle Test Executor 2.
java.io.IOException: 파이프가 닫히는 중입니다
	at java.base/java.io.FileOutputStream.writeBytes(Native Method)
	at java.base/java.io.FileOutputStream.write(FileOutputStream.java:367)
	at java.base/java.io.BufferedOutputStream.flushBuffer(BufferedOutputStream.java:125)
	at java.base/java.io.BufferedOutputStream.implFlush(BufferedOutputStream.java:252)
	at java.base/java.io.BufferedOutputStream.flush(BufferedOutputStream.java:240)
	at org.gradle.process.internal.streams.ExecOutputHandleRunner.writeBuffer(ExecOutputHandleRunner.java:98)
	at org.gradle.process.internal.streams.ExecOutputHandleRunner.forwardContent(ExecOutputHandleRunner.java:85)
	at org.gradle.process.internal.streams.ExecOutputHandleRunner.run(ExecOutputHandleRunner.java:64)
	at org.gradle.internal.concurrent.ExecutorPolicy$CatchAndRecordFailures.onExecute(ExecutorPolicy.java:64)
	at org.gradle.internal.concurrent.AbstractManagedExecutor$1.run(AbstractManagedExecutor.java:47)
	at java.base/java.util.concurrent.ThreadPoolExecutor.runWorker(ThreadPoolExecutor.java:1144)
	at java.base/java.util.concurrent.ThreadPoolExecutor$Worker.run(ThreadPoolExecutor.java:642)
	at java.base/java.lang.Thread.run(Thread.java:1583)
Could not write standard input to Gradle Test Executor 3.
java.io.IOException: 파이프가 닫히는 중입니다
	at java.base/java.io.FileOutputStream.writeBytes(Native Method)
	at java.base/java.io.FileOutputStream.write(FileOutputStream.java:367)
	at java.base/java.io.BufferedOutputStream.flushBuffer(BufferedOutputStream.java:125)
	at java.base/java.io.BufferedOutputStream.implFlush(BufferedOutputStream.java:252)
	at java.base/java.io.BufferedOutputStream.flush(BufferedOutputStream.java:240)
	at org.gradle.process.internal.streams.ExecOutputHandleRunner.writeBuffer(ExecOutputHandleRunner.java:98)
	at org.gradle.process.internal.streams.ExecOutputHandleRunner.forwardContent(ExecOutputHandleRunner.java:85)
	at org.gradle.process.internal.streams.ExecOutputHandleRunner.run(ExecOutputHandleRunner.java:64)
	at org.gradle.internal.concurrent.ExecutorPolicy$CatchAndRecordFailures.onExecute(ExecutorPolicy.java:64)
	at org.gradle.internal.concurrent.AbstractManagedExecutor$1.run(AbstractManagedExecutor.java:47)
	at java.base/java.util.concurrent.ThreadPoolExecutor.runWorker(ThreadPoolExecutor.java:1144)
	at java.base/java.util.concurrent.ThreadPoolExecutor$Worker.run(ThreadPoolExecutor.java:642)
	at java.base/java.lang.Thread.run(Thread.java:1583)

> Task :itdg-analyzer:test FAILED
Error: Could not find or load main class worker.org.gradle.process.internal.worker.GradleWorkerMain
Caused by: java.lang.ClassNotFoundException: worker.org.gradle.process.internal.worker.GradleWorkerMain

> Task :itdg-orchestrator:test FAILED
Error: Could not find or load main class worker.org.gradle.process.internal.worker.GradleWorkerMain
Caused by: java.lang.ClassNotFoundException: worker.org.gradle.process.internal.worker.GradleWorkerMain

> Task :itdg-common:test FAILED
Error: Could not find or load main class worker.org.gradle.process.internal.worker.GradleWorkerMain
Caused by: java.lang.ClassNotFoundException: worker.org.gradle.process.internal.worker.GradleWorkerMain

[Incubating] Problems report is available at: file:///C:/Users/%EA%B9%80%EB%AA%85%ED%98%B8/IdeaProjects/Intelligent_Test_Data_Generator/build/reports/problems/problems-report.html

FAILURE: Build completed with 3 failures.

1: Task failed with an exception.
-----------
* What went wrong:
Execution failed for task ':itdg-analyzer:test'.
> Test process encountered an unexpected problem.
   > Process 'Gradle Test Executor 2' finished with non-zero exit value 1

* Try:
> Check common problems https://docs.gradle.org/9.2.1/userguide/java_testing.html#sec:java_testing_troubleshooting.
> Run with --stacktrace option to get the stack trace.
> Run with --info or --debug option to get more log output.
> Run with --scan to generate a Build Scan (powered by Develocity).
> Get more help at https://help.gradle.org.
==============================================================================

2: Task failed with an exception.
-----------
* What went wrong:
Execution failed for task ':itdg-orchestrator:test'.
> Test process encountered an unexpected problem.
   > Process 'Gradle Test Executor 3' finished with non-zero exit value 1

* Try:
> Check common problems https://docs.gradle.org/9.2.1/userguide/java_testing.html#sec:java_testing_troubleshooting.
> Run with --stacktrace option to get the stack trace.
> Run with --info or --debug option to get more log output.
> Run with --scan to generate a Build Scan (powered by Develocity).
> Get more help at https://help.gradle.org.
==============================================================================

3: Task failed with an exception.
-----------
* What went wrong:
Execution failed for task ':itdg-common:test'.
> Test process encountered an unexpected problem.
   > Process 'Gradle Test Executor 1' finished with non-zero exit value 1

* Try:
> Check common problems https://docs.gradle.org/9.2.1/userguide/java_testing.html#sec:java_testing_troubleshooting.
> Run with --stacktrace option to get the stack trace.
> Run with --info or --debug option to get more log output.
> Run with --scan to generate a Build Scan (powered by Develocity).
> Get more help at https://help.gradle.org.
==============================================================================

Deprecated Gradle features were used in this build, making it incompatible with Gradle 10.

You can use '--warning-mode all' to show the individual deprecation warnings and determine if they come from your own scripts or plugins.

For more on this, please refer to https://docs.gradle.org/9.2.1/userguide/command_line_interface.html#sec:command_line_warnings in the Gradle documentation.

BUILD FAILED in 10s
20 actionable tasks: 13 executed, 7 from cache
